{
  "/Users/arthurtavares/EPS/2022-1-CAPJu-Service/src/app.js": {
    "path": "/Users/arthurtavares/EPS/2022-1-CAPJu-Service/src/app.js",
    "statementMap": {
      "0": {
        "start": { "line": 6, "column": 12 },
        "end": { "line": 6, "column": 21 }
      },
      "1": {
        "start": { "line": 8, "column": 0 },
        "end": { "line": 8, "column": 41 }
      },
      "2": {
        "start": { "line": 9, "column": 0 },
        "end": { "line": 9, "column": 16 }
      },
      "3": {
        "start": { "line": 10, "column": 0 },
        "end": { "line": 10, "column": 48 }
      },
      "4": {
        "start": { "line": 12, "column": 0 },
        "end": { "line": 19, "column": 5 }
      },
      "5": {
        "start": { "line": 15, "column": 4 },
        "end": { "line": 15, "column": 36 }
      },
      "6": {
        "start": { "line": 18, "column": 4 },
        "end": { "line": 18, "column": 39 }
      },
      "7": {
        "start": { "line": 21, "column": 0 },
        "end": { "line": 21, "column": 16 }
      }
    },
    "fnMap": {
      "0": {
        "name": "(anonymous_0)",
        "decl": {
          "start": { "line": 14, "column": 8 },
          "end": { "line": 14, "column": 9 }
        },
        "loc": {
          "start": { "line": 14, "column": 14 },
          "end": { "line": 16, "column": 3 }
        },
        "line": 14
      },
      "1": {
        "name": "(anonymous_1)",
        "decl": {
          "start": { "line": 17, "column": 9 },
          "end": { "line": 17, "column": 10 }
        },
        "loc": {
          "start": { "line": 17, "column": 18 },
          "end": { "line": 19, "column": 3 }
        },
        "line": 17
      }
    },
    "branchMap": {
      "0": {
        "loc": {
          "start": { "line": 13, "column": 11 },
          "end": { "line": 13, "column": 63 }
        },
        "type": "binary-expr",
        "locations": [
          {
            "start": { "line": 13, "column": 11 },
            "end": { "line": 13, "column": 34 }
          },
          {
            "start": { "line": 13, "column": 38 },
            "end": { "line": 13, "column": 63 }
          }
        ],
        "line": 13
      }
    },
    "s": { "0": 1, "1": 1, "2": 1, "3": 1, "4": 1, "5": 1, "6": 0, "7": 1 },
    "f": { "0": 1, "1": 0 },
    "b": { "0": [1, 1] },
    "_coverageSchema": "1a1c01bbd47fc00a2c39e90264f33305004495a9",
    "hash": "b38eea481ea127ce47d5d56c22c2306c96921a7c"
  },
  "/Users/arthurtavares/EPS/2022-1-CAPJu-Service/src/routes.js": {
    "path": "/Users/arthurtavares/EPS/2022-1-CAPJu-Service/src/routes.js",
    "statementMap": {
      "0": {
        "start": { "line": 4, "column": 15 },
        "end": { "line": 4, "column": 23 }
      },
      "1": {
        "start": { "line": 6, "column": 0 },
        "end": { "line": 6, "column": 57 }
      },
      "2": {
        "start": { "line": 8, "column": 0 },
        "end": { "line": 8, "column": 60 }
      }
    },
    "fnMap": {},
    "branchMap": {},
    "s": { "0": 1, "1": 1, "2": 1 },
    "f": {},
    "b": {},
    "_coverageSchema": "1a1c01bbd47fc00a2c39e90264f33305004495a9",
    "hash": "6f24b5b25605d4a01b717659bf446fcf3ce393a5"
  },
  "/Users/arthurtavares/EPS/2022-1-CAPJu-Service/src/controllers/ProcessController.js": {
    "path": "/Users/arthurtavares/EPS/2022-1-CAPJu-Service/src/controllers/ProcessController.js",
    "statementMap": {
      "0": {
        "start": { "line": 6, "column": 4 },
        "end": { "line": 17, "column": 5 }
      },
      "1": {
        "start": { "line": 7, "column": 35 },
        "end": { "line": 7, "column": 81 }
      },
      "2": {
        "start": { "line": 8, "column": 22 },
        "end": { "line": 11, "column": 8 }
      },
      "3": {
        "start": { "line": 13, "column": 6 },
        "end": { "line": 13, "column": 43 }
      },
      "4": {
        "start": { "line": 15, "column": 6 },
        "end": { "line": 15, "column": 25 }
      },
      "5": {
        "start": { "line": 16, "column": 6 },
        "end": { "line": 16, "column": 41 }
      },
      "6": {
        "start": { "line": 21, "column": 4 },
        "end": { "line": 30, "column": 5 }
      },
      "7": {
        "start": { "line": 22, "column": 24 },
        "end": { "line": 22, "column": 44 }
      },
      "8": {
        "start": { "line": 24, "column": 6 },
        "end": { "line": 26, "column": 9 }
      },
      "9": {
        "start": { "line": 28, "column": 6 },
        "end": { "line": 28, "column": 25 }
      },
      "10": {
        "start": { "line": 29, "column": 6 },
        "end": { "line": 29, "column": 41 }
      }
    },
    "fnMap": {
      "0": {
        "name": "(anonymous_0)",
        "decl": {
          "start": { "line": 5, "column": 2 },
          "end": { "line": 5, "column": 3 }
        },
        "loc": {
          "start": { "line": 5, "column": 32 },
          "end": { "line": 18, "column": 3 }
        },
        "line": 5
      },
      "1": {
        "name": "(anonymous_1)",
        "decl": {
          "start": { "line": 20, "column": 2 },
          "end": { "line": 20, "column": 3 }
        },
        "loc": {
          "start": { "line": 20, "column": 31 },
          "end": { "line": 31, "column": 3 }
        },
        "line": 20
      }
    },
    "branchMap": {},
    "s": {
      "0": 1,
      "1": 1,
      "2": 1,
      "3": 1,
      "4": 0,
      "5": 0,
      "6": 0,
      "7": 0,
      "8": 0,
      "9": 0,
      "10": 0
    },
    "f": { "0": 1, "1": 0 },
    "b": {},
    "_coverageSchema": "1a1c01bbd47fc00a2c39e90264f33305004495a9",
    "hash": "e1f0649d95c13ad15115008ec8bc8d92d744535d"
  },
  "/Users/arthurtavares/EPS/2022-1-CAPJu-Service/src/validators/Process.js": {
    "path": "/Users/arthurtavares/EPS/2022-1-CAPJu-Service/src/validators/Process.js",
    "statementMap": {
      "0": {
        "start": { "line": 3, "column": 32 },
        "end": { "line": 6, "column": 2 }
      }
    },
    "fnMap": {},
    "branchMap": {},
    "s": { "0": 1 },
    "f": {},
    "b": {},
    "_coverageSchema": "1a1c01bbd47fc00a2c39e90264f33305004495a9",
    "hash": "00ff9a4d4e68a2a5c024f7826fbd16545a55a932"
  }
}
